<?xml version="1.0" encoding="UTF-8"?>
<testng-results skipped="0" failed="0" ignored="0" total="1" passed="1">
  <reporter-output>
  </reporter-output>
  <suite name="Suite" duration-ms="142" started-at="2018-09-30T06:22:09Z" finished-at="2018-09-30T06:22:09Z">
    <groups>
    </groups>
    <test name="Test" duration-ms="142" started-at="2018-09-30T06:22:09Z" finished-at="2018-09-30T06:22:09Z">
      <class name="com.citibank.login.HelloWorld">
        <test-method status="PASS" signature="login()[pri:0, instance:com.citibank.login.HelloWorld@3fb6a447]" name="login" duration-ms="47" started-at="2018-09-30T11:52:09Z" finished-at="2018-09-30T11:52:09Z">
          <reporter-output>
          </reporter-output>
        </test-method> <!-- login -->
      </class> <!-- com.citibank.login.HelloWorld -->
    </test> <!-- Test -->
  </suite> <!-- Suite -->
</testng-results>
